<?xml version="1.0" encoding="UTF-8"?>
<!-- Generated by org.testng.reporters.JUnitXMLReporter -->
<testsuite ignored="11" hostname="LTIN278618" failures="0" tests="4" name="openEdgeBrowser" time="74.157" errors="0" timestamp="2023-09-04T10:30:10 IST">
  <testcase classname="baseClasses.BaseClass" name="openMMT" time="6.26"/>
  <testcase classname="baseClasses.BaseClass" name="closePopUp" time="13.129"/>
  <testcase classname="pageClasses.BookCab" name="setInput" time="37.044"/>
  <testcase classname="pageClasses.SelectCar" name="selectSuvCar" time="9.492"/>
  <testcase classname="baseClasses.BaseClass" name="@AfterTest closeBrowser" time="0.0">
    <ignored/>
  </testcase> <!-- @AfterTest closeBrowser -->
  <testcase classname="baseClasses.BaseClass" name="@BeforeTest setBrowser" time="0.0">
    <ignored/>
  </testcase> <!-- @BeforeTest setBrowser -->
  <testcase classname="baseClasses.BaseClass" name="setBrowser" time="0.0">
    <ignored/>
  </testcase> <!-- setBrowser -->
  <testcase classname="baseClasses.BaseClass" name="closePopUp" time="0.0">
    <ignored/>
  </testcase> <!-- closePopUp -->
  <testcase classname="baseClasses.BaseClass" name="openMMT" time="0.0">
    <ignored/>
  </testcase> <!-- openMMT -->
  <testcase classname="baseClasses.BaseClass" name="closePopUp" time="0.0">
    <ignored/>
  </testcase> <!-- closePopUp -->
  <testcase classname="baseClasses.BaseClass" name="openMMT" time="0.0">
    <ignored/>
  </testcase> <!-- openMMT -->
  <testcase classname="baseClasses.BaseClass" name="setBrowser" time="0.0">
    <ignored/>
  </testcase> <!-- setBrowser -->
  <testcase classname="baseClasses.BaseClass" name="@AfterTest closeBrowser" time="0.0">
    <ignored/>
  </testcase> <!-- @AfterTest closeBrowser -->
  <testcase classname="baseClasses.BaseClass" name="@BeforeTest setBrowser" time="0.0">
    <ignored/>
  </testcase> <!-- @BeforeTest setBrowser -->
  <testcase classname="baseClasses.BaseClass" name="setBrowser" time="0.0">
    <ignored/>
  </testcase> <!-- setBrowser -->
</testsuite> <!-- openEdgeBrowser -->
