<?xml version="1.0" encoding="UTF-8"?>
<!-- Generated by org.testng.reporters.JUnitXMLReporter -->
<testsuite ignored="11" hostname="LTIN278618" failures="0" tests="4" name="openChromeBrowser" time="75.623" errors="0" timestamp="2023-09-04T10:28:56 IST">
  <testcase classname="baseClasses.BaseClass" name="openMMT" time="6.153"/>
  <testcase classname="baseClasses.BaseClass" name="closePopUp" time="10.843"/>
  <testcase classname="pageClasses.BookCab" name="setInput" time="36.899"/>
  <testcase classname="pageClasses.SelectCar" name="selectSuvCar" time="10.682"/>
  <testcase classname="baseClasses.BaseClass" name="@BeforeTest setBrowser" time="0.0">
    <ignored/>
  </testcase> <!-- @BeforeTest setBrowser -->
  <testcase classname="baseClasses.BaseClass" name="setBrowser" time="0.0">
    <ignored/>
  </testcase> <!-- setBrowser -->
  <testcase classname="baseClasses.BaseClass" name="openMMT" time="0.0">
    <ignored/>
  </testcase> <!-- openMMT -->
  <testcase classname="baseClasses.BaseClass" name="closePopUp" time="0.0">
    <ignored/>
  </testcase> <!-- closePopUp -->
  <testcase classname="baseClasses.BaseClass" name="setBrowser" time="0.0">
    <ignored/>
  </testcase> <!-- setBrowser -->
  <testcase classname="baseClasses.BaseClass" name="@BeforeTest setBrowser" time="0.0">
    <ignored/>
  </testcase> <!-- @BeforeTest setBrowser -->
  <testcase classname="baseClasses.BaseClass" name="setBrowser" time="0.0">
    <ignored/>
  </testcase> <!-- setBrowser -->
  <testcase classname="baseClasses.BaseClass" name="closePopUp" time="0.0">
    <ignored/>
  </testcase> <!-- closePopUp -->
  <testcase classname="baseClasses.BaseClass" name="openMMT" time="0.0">
    <ignored/>
  </testcase> <!-- openMMT -->
  <testcase classname="baseClasses.BaseClass" name="@AfterTest closeBrowser" time="0.0">
    <ignored/>
  </testcase> <!-- @AfterTest closeBrowser -->
  <testcase classname="baseClasses.BaseClass" name="@AfterTest closeBrowser" time="0.0">
    <ignored/>
  </testcase> <!-- @AfterTest closeBrowser -->
</testsuite> <!-- openChromeBrowser -->
