<?xml version="1.0" encoding="UTF-8"?>
<!-- Generated by org.testng.reporters.JUnitXMLReporter -->
<testsuite ignored="7" hostname="LTIN277965" failures="0" tests="3" name="openChromeBrowser" time="81.659" errors="0" timestamp="2023-08-30T19:15:43 IST">
  <testcase classname="baseClasses.BaseClass" name="openMMT" time="4.828"/>
  <testcase classname="baseClasses.BaseClass" name="closePopUp" time="11.983"/>
  <testcase classname="pageClasses.BookHotel" name="goToHotels" time="49.938"/>
  <testcase classname="baseClasses.BaseClass" name="@BeforeTest setBrowser" time="0.0">
    <ignored/>
  </testcase> <!-- @BeforeTest setBrowser -->
  <testcase classname="baseClasses.BaseClass" name="setBrowser" time="0.0">
    <ignored/>
  </testcase> <!-- setBrowser -->
  <testcase classname="baseClasses.BaseClass" name="setBrowser" time="0.0">
    <ignored/>
  </testcase> <!-- setBrowser -->
  <testcase classname="baseClasses.BaseClass" name="closePopUp" time="0.0">
    <ignored/>
  </testcase> <!-- closePopUp -->
  <testcase classname="baseClasses.BaseClass" name="@AfterTest closeBrowser" time="0.0">
    <ignored/>
  </testcase> <!-- @AfterTest closeBrowser -->
  <testcase classname="baseClasses.BaseClass" name="openMMT" time="0.0">
    <ignored/>
  </testcase> <!-- openMMT -->
  <testcase classname="pageClasses.BookHotel" name="listAdult" time="0.0">
    <ignored/>
  </testcase> <!-- listAdult -->
</testsuite> <!-- openChromeBrowser -->
