<?xml version="1.0" encoding="UTF-8"?>
<!-- Generated by org.testng.reporters.JUnitXMLReporter -->
<testsuite ignored="6" hostname="LTIN278618" failures="0" tests="3" name="openGifts" time="0.057" errors="0" timestamp="2023-08-25T11:21:12 IST">
  <testcase classname="myPackage.openBrowser" name="openMMT" time="0.0">
    <skipped/>
  </testcase> <!-- openMMT -->
  <testcase classname="myPackage.openBrowser" name="closePopUp" time="0.0">
    <skipped/>
  </testcase> <!-- closePopUp -->
  <testcase classname="myPackage.OpenGifts" name="SelectGift" time="0.0">
    <skipped/>
  </testcase> <!-- SelectGift -->
  <testcase classname="myPackage.openBrowser" name="openMMT" time="0.0">
    <ignored/>
  </testcase> <!-- openMMT -->
  <testcase classname="myPackage.openBrowser" name="closePopUp" time="0.0">
    <ignored/>
  </testcase> <!-- closePopUp -->
  <testcase classname="myPackage.openBrowser" name="@AfterTest closeBrowser" time="0.0">
    <ignored/>
  </testcase> <!-- @AfterTest closeBrowser -->
  <testcase classname="myPackage.openBrowser" name="@BeforeTest setBrowser" time="0.0">
    <ignored/>
  </testcase> <!-- @BeforeTest setBrowser -->
  <testcase classname="myPackage.openBrowser" name="setBrowser" time="0.0">
    <ignored/>
  </testcase> <!-- setBrowser -->
  <testcase classname="myPackage.openBrowser" name="setBrowser" time="0.0">
    <ignored/>
  </testcase> <!-- setBrowser -->
</testsuite> <!-- openGifts -->
