<?xml version="1.0" encoding="UTF-8"?>
<!-- Generated by org.testng.reporters.JUnitXMLReporter -->
<testsuite ignored="17" hostname="LTIN278618" failures="0" tests="7" name="openBrowser" time="68.957" errors="0" timestamp="2023-08-25T18:17:45 IST">
  <testcase classname="myPackage.openBrowser" name="openMMT" time="7.469"/>
  <testcase classname="myPackage.openBrowser" name="closePopUp" time="2.585"/>
  <testcase classname="myPackage.Enter_Data" name="setInput" time="28.824"/>
  <testcase classname="myPackage.SelectCar" name="selectSuvCar" time="5.408"/>
  <testcase classname="myPackage.OpenGifts" name="SelectGift" time="11.009"/>
  <testcase classname="myPackage.OpenGifts" name="SelectBirthdayGift" time="4.206"/>
  <testcase classname="myPackage.OpenGifts" name="InputGiftData" time="9.281"/>
  <testcase classname="myPackage.openBrowser" name="closeBrowser" time="0.0">
    <ignored/>
  </testcase> <!-- closeBrowser -->
  <testcase classname="myPackage.openBrowser" name="@BeforeSuite setBrowser" time="0.0">
    <ignored/>
  </testcase> <!-- @BeforeSuite setBrowser -->
  <testcase classname="myPackage.openBrowser" name="setBrowser" time="0.0">
    <ignored/>
  </testcase> <!-- setBrowser -->
  <testcase classname="myPackage.openBrowser" name="openMMT" time="0.0">
    <ignored/>
  </testcase> <!-- openMMT -->
  <testcase classname="myPackage.openBrowser" name="openMMT" time="0.0">
    <ignored/>
  </testcase> <!-- openMMT -->
  <testcase classname="myPackage.openBrowser" name="closeBrowser" time="0.0">
    <ignored/>
  </testcase> <!-- closeBrowser -->
  <testcase classname="myPackage.openBrowser" name="closeBrowser" time="0.0">
    <ignored/>
  </testcase> <!-- closeBrowser -->
  <testcase classname="myPackage.openBrowser" name="setBrowser" time="0.0">
    <ignored/>
  </testcase> <!-- setBrowser -->
  <testcase classname="myPackage.openBrowser" name="@BeforeSuite setBrowser" time="0.0">
    <ignored/>
  </testcase> <!-- @BeforeSuite setBrowser -->
  <testcase classname="myPackage.openBrowser" name="openMMT" time="0.0">
    <ignored/>
  </testcase> <!-- openMMT -->
  <testcase classname="myPackage.openBrowser" name="setBrowser" time="0.0">
    <ignored/>
  </testcase> <!-- setBrowser -->
  <testcase classname="myPackage.openBrowser" name="closeBrowser" time="0.0">
    <ignored/>
  </testcase> <!-- closeBrowser -->
  <testcase classname="myPackage.openBrowser" name="closePopUp" time="0.0">
    <ignored/>
  </testcase> <!-- closePopUp -->
  <testcase classname="myPackage.openBrowser" name="closePopUp" time="0.0">
    <ignored/>
  </testcase> <!-- closePopUp -->
  <testcase classname="myPackage.openBrowser" name="@BeforeSuite setBrowser" time="0.0">
    <ignored/>
  </testcase> <!-- @BeforeSuite setBrowser -->
  <testcase classname="myPackage.openBrowser" name="closePopUp" time="0.0">
    <ignored/>
  </testcase> <!-- closePopUp -->
  <testcase classname="myPackage.openBrowser" name="setBrowser" time="0.0">
    <ignored/>
  </testcase> <!-- setBrowser -->
</testsuite> <!-- openBrowser -->
