<?xml version="1.0" encoding="UTF-8"?>
<!-- Generated by org.testng.reporters.JUnitXMLReporter -->
<testsuite ignored="2" hostname="LTIN278618" failures="0" tests="1" name="removePopUp" time="0.344" errors="0" timestamp="2023-08-24T18:27:11 IST">
  <testcase classname="myPackage.removePopUp" name="closePopUp" time="0.338"/>
  <testcase classname="myPackage.openBrowser" name="openMMT" time="0.0">
    <ignored/>
  </testcase> <!-- openMMT -->
  <testcase classname="myPackage.openBrowser" name="setBrowser" time="0.0">
    <ignored/>
  </testcase> <!-- setBrowser -->
</testsuite> <!-- removePopUp -->
