<?xml version="1.0" encoding="UTF-8"?>
<!-- Generated by org.testng.reporters.JUnitXMLReporter -->
<testsuite ignored="32" hostname="LTIN278618" failures="0" tests="8" name="Smoke Testing : Edge" time="176.493" errors="0" timestamp="2023-08-29T15:24:23 IST">
  <testcase classname="myPackage.BaseClass" name="openMMT" time="5.079"/>
  <testcase classname="myPackage.BaseClass" name="closePopUp" time="12.448"/>
  <testcase classname="myPackage.Enter_Data" name="setInput" time="45.133"/>
  <testcase classname="myPackage.SelectCar" name="selectSuvCar" time="11.583"/>
  <testcase classname="myPackage.OpenGifts" name="SelectGift" time="6.759"/>
  <testcase classname="myPackage.OpenGifts" name="SelectBirthdayGift" time="6.432"/>
  <testcase classname="myPackage.OpenGifts" name="InputGiftData" time="20.507"/>
  <testcase classname="myPackage.BookHotel" name="goToHotels" time="55.908"/>
  <testcase classname="myPackage.BaseClass" name="openMMT" time="0.0">
    <ignored/>
  </testcase> <!-- openMMT -->
  <testcase classname="myPackage.BaseClass" name="@AfterTest closeBrowser" time="0.0">
    <ignored/>
  </testcase> <!-- @AfterTest closeBrowser -->
  <testcase classname="myPackage.BaseClass" name="@BeforeTest setBrowser" time="0.0">
    <ignored/>
  </testcase> <!-- @BeforeTest setBrowser -->
  <testcase classname="myPackage.BaseClass" name="setBrowser" time="0.0">
    <ignored/>
  </testcase> <!-- setBrowser -->
  <testcase classname="myPackage.BaseClass" name="highlight" time="0.0">
    <ignored/>
  </testcase> <!-- highlight -->
  <testcase classname="myPackage.BaseClass" name="closePopUp" time="0.0">
    <ignored/>
  </testcase> <!-- closePopUp -->
  <testcase classname="myPackage.BaseClass" name="closePopUp" time="0.0">
    <ignored/>
  </testcase> <!-- closePopUp -->
  <testcase classname="myPackage.BaseClass" name="openMMT" time="0.0">
    <ignored/>
  </testcase> <!-- openMMT -->
  <testcase classname="myPackage.BaseClass" name="takeSnapShot" time="0.0">
    <ignored/>
  </testcase> <!-- takeSnapShot -->
  <testcase classname="myPackage.BaseClass" name="setBrowser" time="0.0">
    <ignored/>
  </testcase> <!-- setBrowser -->
  <testcase classname="myPackage.BaseClass" name="takeSnapShot" time="0.0">
    <ignored/>
  </testcase> <!-- takeSnapShot -->
  <testcase classname="myPackage.BaseClass" name="takeSnapShot" time="0.0">
    <ignored/>
  </testcase> <!-- takeSnapShot -->
  <testcase classname="myPackage.BaseClass" name="openMMT" time="0.0">
    <ignored/>
  </testcase> <!-- openMMT -->
  <testcase classname="myPackage.BaseClass" name="closePopUp" time="0.0">
    <ignored/>
  </testcase> <!-- closePopUp -->
  <testcase classname="myPackage.BaseClass" name="highlight" time="0.0">
    <ignored/>
  </testcase> <!-- highlight -->
  <testcase classname="myPackage.BaseClass" name="takeSnapShot" time="0.0">
    <ignored/>
  </testcase> <!-- takeSnapShot -->
  <testcase classname="myPackage.BaseClass" name="@BeforeTest setBrowser" time="0.0">
    <ignored/>
  </testcase> <!-- @BeforeTest setBrowser -->
  <testcase classname="myPackage.BaseClass" name="setBrowser" time="0.0">
    <ignored/>
  </testcase> <!-- setBrowser -->
  <testcase classname="myPackage.BaseClass" name="openMMT" time="0.0">
    <ignored/>
  </testcase> <!-- openMMT -->
  <testcase classname="myPackage.BaseClass" name="highlight" time="0.0">
    <ignored/>
  </testcase> <!-- highlight -->
  <testcase classname="myPackage.BaseClass" name="@AfterTest closeBrowser" time="0.0">
    <ignored/>
  </testcase> <!-- @AfterTest closeBrowser -->
  <testcase classname="myPackage.BaseClass" name="@AfterTest closeBrowser" time="0.0">
    <ignored/>
  </testcase> <!-- @AfterTest closeBrowser -->
  <testcase classname="myPackage.BaseClass" name="highlight" time="0.0">
    <ignored/>
  </testcase> <!-- highlight -->
  <testcase classname="myPackage.BaseClass" name="@BeforeTest setBrowser" time="0.0">
    <ignored/>
  </testcase> <!-- @BeforeTest setBrowser -->
  <testcase classname="myPackage.BaseClass" name="takeSnapShot" time="0.0">
    <ignored/>
  </testcase> <!-- takeSnapShot -->
  <testcase classname="myPackage.BaseClass" name="setBrowser" time="0.0">
    <ignored/>
  </testcase> <!-- setBrowser -->
  <testcase classname="myPackage.BaseClass" name="highlight" time="0.0">
    <ignored/>
  </testcase> <!-- highlight -->
  <testcase classname="myPackage.BaseClass" name="closePopUp" time="0.0">
    <ignored/>
  </testcase> <!-- closePopUp -->
  <testcase classname="myPackage.BaseClass" name="@AfterTest closeBrowser" time="0.0">
    <ignored/>
  </testcase> <!-- @AfterTest closeBrowser -->
  <testcase classname="myPackage.BookHotel" name="listAdult" time="0.0">
    <ignored/>
  </testcase> <!-- listAdult -->
  <testcase classname="myPackage.BaseClass" name="@BeforeTest setBrowser" time="0.0">
    <ignored/>
  </testcase> <!-- @BeforeTest setBrowser -->
  <testcase classname="myPackage.BaseClass" name="setBrowser" time="0.0">
    <ignored/>
  </testcase> <!-- setBrowser -->
</testsuite> <!-- Smoke Testing : Edge -->
