<?xml version="1.0" encoding="UTF-8"?>
<!-- Generated by org.testng.reporters.JUnitXMLReporter -->
<testsuite ignored="6" hostname="LTIN278618" failures="0" tests="5" name="openChromeBrowser" time="55.627" errors="0" timestamp="2023-09-04T10:26:34 IST">
  <testcase classname="baseClasses.BaseClass" name="openMMT" time="7.282"/>
  <testcase classname="baseClasses.BaseClass" name="closePopUp" time="10.798"/>
  <testcase classname="pageClasses.BuyGiftCard" name="SelectGift" time="6.096"/>
  <testcase classname="pageClasses.BuyGiftCard" name="SelectBirthdayGift" time="4.133"/>
  <testcase classname="pageClasses.BuyGiftCard" name="InputGiftData" time="17.673"/>
  <testcase classname="baseClasses.BaseClass" name="@BeforeTest setBrowser" time="0.0">
    <ignored/>
  </testcase> <!-- @BeforeTest setBrowser -->
  <testcase classname="baseClasses.BaseClass" name="setBrowser" time="0.0">
    <ignored/>
  </testcase> <!-- setBrowser -->
  <testcase classname="baseClasses.BaseClass" name="openMMT" time="0.0">
    <ignored/>
  </testcase> <!-- openMMT -->
  <testcase classname="baseClasses.BaseClass" name="closePopUp" time="0.0">
    <ignored/>
  </testcase> <!-- closePopUp -->
  <testcase classname="baseClasses.BaseClass" name="setBrowser" time="0.0">
    <ignored/>
  </testcase> <!-- setBrowser -->
  <testcase classname="baseClasses.BaseClass" name="@AfterTest closeBrowser" time="0.0">
    <ignored/>
  </testcase> <!-- @AfterTest closeBrowser -->
</testsuite> <!-- openChromeBrowser -->
