<?xml version="1.0" encoding="UTF-8"?>
<!-- Generated by org.testng.reporters.JUnitXMLReporter -->
<testsuite ignored="22" hostname="LTIN278618" failures="0" tests="8" name="openBrowser" time="167.805" errors="0" timestamp="2023-09-05T10:46:33 IST">
  <testcase classname="baseClasses.BaseClass" name="openMMT" time="4.883"/>
  <testcase classname="baseClasses.BaseClass" name="closePopUp" time="17.26"/>
  <testcase classname="pageClasses.BookCab" name="setInput" time="41.433"/>
  <testcase classname="pageClasses.SelectCar" name="selectSuvCar" time="9.764"/>
  <testcase classname="pageClasses.BuyGiftCard" name="SelectGift" time="6.807"/>
  <testcase classname="pageClasses.BuyGiftCard" name="SelectBirthdayGift" time="4.752"/>
  <testcase classname="pageClasses.BuyGiftCard" name="InputGiftData" time="17.869"/>
  <testcase classname="pageClasses.BookHotel" name="goToHotels" time="54.948"/>
  <testcase classname="baseClasses.BaseClass" name="closePopUp" time="0.0">
    <ignored/>
  </testcase> <!-- closePopUp -->
  <testcase classname="baseClasses.BaseClass" name="@BeforeTest setBrowser" time="0.0">
    <ignored/>
  </testcase> <!-- @BeforeTest setBrowser -->
  <testcase classname="baseClasses.BaseClass" name="setBrowser" time="0.0">
    <ignored/>
  </testcase> <!-- setBrowser -->
  <testcase classname="baseClasses.BaseClass" name="openMMT" time="0.0">
    <ignored/>
  </testcase> <!-- openMMT -->
  <testcase classname="baseClasses.BaseClass" name="@BeforeTest setBrowser" time="0.0">
    <ignored/>
  </testcase> <!-- @BeforeTest setBrowser -->
  <testcase classname="baseClasses.BaseClass" name="openMMT" time="0.0">
    <ignored/>
  </testcase> <!-- openMMT -->
  <testcase classname="baseClasses.BaseClass" name="setBrowser" time="0.0">
    <ignored/>
  </testcase> <!-- setBrowser -->
  <testcase classname="baseClasses.BaseClass" name="closePopUp" time="0.0">
    <ignored/>
  </testcase> <!-- closePopUp -->
  <testcase classname="baseClasses.BaseClass" name="@AfterTest closeBrowser" time="0.0">
    <ignored/>
  </testcase> <!-- @AfterTest closeBrowser -->
  <testcase classname="baseClasses.BaseClass" name="setBrowser" time="0.0">
    <ignored/>
  </testcase> <!-- setBrowser -->
  <testcase classname="baseClasses.BaseClass" name="@BeforeTest setBrowser" time="0.0">
    <ignored/>
  </testcase> <!-- @BeforeTest setBrowser -->
  <testcase classname="baseClasses.BaseClass" name="setBrowser" time="0.0">
    <ignored/>
  </testcase> <!-- setBrowser -->
  <testcase classname="baseClasses.BaseClass" name="openMMT" time="0.0">
    <ignored/>
  </testcase> <!-- openMMT -->
  <testcase classname="baseClasses.BaseClass" name="@BeforeTest setBrowser" time="0.0">
    <ignored/>
  </testcase> <!-- @BeforeTest setBrowser -->
  <testcase classname="baseClasses.BaseClass" name="setBrowser" time="0.0">
    <ignored/>
  </testcase> <!-- setBrowser -->
  <testcase classname="baseClasses.BaseClass" name="openMMT" time="0.0">
    <ignored/>
  </testcase> <!-- openMMT -->
  <testcase classname="baseClasses.BaseClass" name="@AfterTest closeBrowser" time="0.0">
    <ignored/>
  </testcase> <!-- @AfterTest closeBrowser -->
  <testcase classname="baseClasses.BaseClass" name="closePopUp" time="0.0">
    <ignored/>
  </testcase> <!-- closePopUp -->
  <testcase classname="pageClasses.BookHotel" name="listAdult" time="0.0">
    <ignored/>
  </testcase> <!-- listAdult -->
  <testcase classname="baseClasses.BaseClass" name="closePopUp" time="0.0">
    <ignored/>
  </testcase> <!-- closePopUp -->
  <testcase classname="baseClasses.BaseClass" name="@AfterTest closeBrowser" time="0.0">
    <ignored/>
  </testcase> <!-- @AfterTest closeBrowser -->
  <testcase classname="baseClasses.BaseClass" name="@AfterTest closeBrowser" time="0.0">
    <ignored/>
  </testcase> <!-- @AfterTest closeBrowser -->
</testsuite> <!-- openBrowser -->
