<?xml version="1.0" encoding="UTF-8"?>
<!-- Generated by org.testng.reporters.JUnitXMLReporter -->
<testsuite ignored="32" hostname="LTIN278618" failures="0" tests="8" name="Regression Test : Edge" time="199.834" errors="0" timestamp="2023-08-29T15:31:51 IST">
  <testcase classname="myPackage.BaseClass" name="openMMT" time="10.076"/>
  <testcase classname="myPackage.BaseClass" name="closePopUp" time="12.162"/>
  <testcase classname="myPackage.Enter_Data" name="setInput" time="45.995"/>
  <testcase classname="myPackage.SelectCar" name="selectSuvCar" time="10.102"/>
  <testcase classname="myPackage.OpenGifts" name="SelectGift" time="8.72"/>
  <testcase classname="myPackage.OpenGifts" name="SelectBirthdayGift" time="15.389"/>
  <testcase classname="myPackage.OpenGifts" name="InputGiftData" time="24.787"/>
  <testcase classname="myPackage.BookHotel" name="goToHotels" time="59.18"/>
  <testcase classname="myPackage.BaseClass" name="openMMT" time="0.0">
    <ignored/>
  </testcase> <!-- openMMT -->
  <testcase classname="myPackage.BaseClass" name="@AfterTest closeBrowser" time="0.0">
    <ignored/>
  </testcase> <!-- @AfterTest closeBrowser -->
  <testcase classname="myPackage.BaseClass" name="@AfterTest closeBrowser" time="0.0">
    <ignored/>
  </testcase> <!-- @AfterTest closeBrowser -->
  <testcase classname="myPackage.BaseClass" name="@BeforeTest setBrowser" time="0.0">
    <ignored/>
  </testcase> <!-- @BeforeTest setBrowser -->
  <testcase classname="myPackage.BaseClass" name="setBrowser" time="0.0">
    <ignored/>
  </testcase> <!-- setBrowser -->
  <testcase classname="myPackage.BaseClass" name="closePopUp" time="0.0">
    <ignored/>
  </testcase> <!-- closePopUp -->
  <testcase classname="myPackage.BaseClass" name="closePopUp" time="0.0">
    <ignored/>
  </testcase> <!-- closePopUp -->
  <testcase classname="myPackage.BaseClass" name="highlight" time="0.0">
    <ignored/>
  </testcase> <!-- highlight -->
  <testcase classname="myPackage.BaseClass" name="takeSnapShot" time="0.0">
    <ignored/>
  </testcase> <!-- takeSnapShot -->
  <testcase classname="myPackage.BaseClass" name="takeSnapShot" time="0.0">
    <ignored/>
  </testcase> <!-- takeSnapShot -->
  <testcase classname="myPackage.BaseClass" name="openMMT" time="0.0">
    <ignored/>
  </testcase> <!-- openMMT -->
  <testcase classname="myPackage.BaseClass" name="highlight" time="0.0">
    <ignored/>
  </testcase> <!-- highlight -->
  <testcase classname="myPackage.BaseClass" name="@BeforeTest setBrowser" time="0.0">
    <ignored/>
  </testcase> <!-- @BeforeTest setBrowser -->
  <testcase classname="myPackage.BaseClass" name="setBrowser" time="0.0">
    <ignored/>
  </testcase> <!-- setBrowser -->
  <testcase classname="myPackage.BaseClass" name="takeSnapShot" time="0.0">
    <ignored/>
  </testcase> <!-- takeSnapShot -->
  <testcase classname="myPackage.BaseClass" name="takeSnapShot" time="0.0">
    <ignored/>
  </testcase> <!-- takeSnapShot -->
  <testcase classname="myPackage.BaseClass" name="@BeforeTest setBrowser" time="0.0">
    <ignored/>
  </testcase> <!-- @BeforeTest setBrowser -->
  <testcase classname="myPackage.BaseClass" name="setBrowser" time="0.0">
    <ignored/>
  </testcase> <!-- setBrowser -->
  <testcase classname="myPackage.BaseClass" name="openMMT" time="0.0">
    <ignored/>
  </testcase> <!-- openMMT -->
  <testcase classname="myPackage.BaseClass" name="highlight" time="0.0">
    <ignored/>
  </testcase> <!-- highlight -->
  <testcase classname="myPackage.BaseClass" name="closePopUp" time="0.0">
    <ignored/>
  </testcase> <!-- closePopUp -->
  <testcase classname="myPackage.BookHotel" name="listAdult" time="0.0">
    <ignored/>
  </testcase> <!-- listAdult -->
  <testcase classname="myPackage.BaseClass" name="openMMT" time="0.0">
    <ignored/>
  </testcase> <!-- openMMT -->
  <testcase classname="myPackage.BaseClass" name="@AfterTest closeBrowser" time="0.0">
    <ignored/>
  </testcase> <!-- @AfterTest closeBrowser -->
  <testcase classname="myPackage.BaseClass" name="@AfterTest closeBrowser" time="0.0">
    <ignored/>
  </testcase> <!-- @AfterTest closeBrowser -->
  <testcase classname="myPackage.BaseClass" name="highlight" time="0.0">
    <ignored/>
  </testcase> <!-- highlight -->
  <testcase classname="myPackage.BaseClass" name="@BeforeTest setBrowser" time="0.0">
    <ignored/>
  </testcase> <!-- @BeforeTest setBrowser -->
  <testcase classname="myPackage.BaseClass" name="takeSnapShot" time="0.0">
    <ignored/>
  </testcase> <!-- takeSnapShot -->
  <testcase classname="myPackage.BaseClass" name="setBrowser" time="0.0">
    <ignored/>
  </testcase> <!-- setBrowser -->
  <testcase classname="myPackage.BaseClass" name="highlight" time="0.0">
    <ignored/>
  </testcase> <!-- highlight -->
  <testcase classname="myPackage.BaseClass" name="closePopUp" time="0.0">
    <ignored/>
  </testcase> <!-- closePopUp -->
  <testcase classname="myPackage.BaseClass" name="setBrowser" time="0.0">
    <ignored/>
  </testcase> <!-- setBrowser -->
</testsuite> <!-- Regression Test : Edge -->
